Using pre-set license
Built from '2020.3/staging' branch; Version is '2020.3.6f1 (338bb68529b2) revision 3378102'; Using compiler version '192528614'; Build Type 'Release'
OS: 'Windows 10 Pro; OS build 19041.1083; Version 2004; 64bit' Language: 'en' Physical Memory: 16306 MB
BatchMode: 1, IsHumanControllingUs: 0, StartBugReporterOnCrash: 0, Is64bit: 1, IsPro: 0

 COMMAND LINE ARGUMENTS:
Z:\Program Files\Unity Editors\2020.3.6f1\Editor\Unity.exe
-adb2
-batchMode
-noUpm
-name
AssetImportWorker0
-projectPath
Z:/Unity Projects/Zoo-App
-logFile
Logs/AssetImportWorker0.log
-srvPort
51646
Successfully changed project path to: Z:/Unity Projects/Zoo-App
Z:/Unity Projects/Zoo-App
Using Asset Import Pipeline V2.
Refreshing native plugins compatible for Editor in 39.75 ms, found 1 plugins.
Preloading 0 native plugins for Editor in 0.00 ms.
Initialize engine version: 2020.3.6f1 (338bb68529b2)
[Subsystems] Discovering subsystems at path Z:/Program Files/Unity Editors/2020.3.6f1/Editor/Data/Resources/UnitySubsystems
[Subsystems] Discovering subsystems at path Z:/Unity Projects/Zoo-App/Assets
GfxDevice: creating device client; threaded=0
Direct3D:
    Version:  Direct3D 11.0 [level 11.1]
    Renderer: NVIDIA GeForce GTX 980 Ti (ID=0x17c8)
    Vendor:   
    VRAM:     6097 MB
    Driver:   27.21.14.6589
Initialize mono
Mono path[0] = 'Z:/Program Files/Unity Editors/2020.3.6f1/Editor/Data/Managed'
Mono path[1] = 'Z:/Program Files/Unity Editors/2020.3.6f1/Editor/Data/MonoBleedingEdge/lib/mono/unityjit'
Mono config path = 'Z:/Program Files/Unity Editors/2020.3.6f1/Editor/Data/MonoBleedingEdge/etc'
Using monoOptions --debugger-agent=transport=dt_socket,embedding=1,server=y,suspend=n,address=127.0.0.1:56816
Begin MonoManager ReloadAssembly
Registering precompiled unity dll's ...
Register platform support module: Z:/Program Files/Unity Editors/2020.3.6f1/Editor/Data/PlaybackEngines/WebGLSupport/UnityEditor.WebGL.Extensions.dll
Register platform support module: Z:/Program Files/Unity Editors/2020.3.6f1/Editor/Data/PlaybackEngines/WindowsStandaloneSupport/UnityEditor.WindowsStandalone.Extensions.dll
Registered in 0.001335 seconds.
Native extension for WindowsStandalone target not found
Native extension for WebGL target not found
Refreshing native plugins compatible for Editor in 44.46 ms, found 1 plugins.
Preloading 0 native plugins for Editor in 0.00 ms.
Mono: successfully reloaded assembly
- Completed reload, in  1.938 seconds
Platform modules already initialized, skipping
Registering precompiled user dll's ...
Registered in 0.001526 seconds.
Begin MonoManager ReloadAssembly
Native extension for WindowsStandalone target not found
Native extension for WebGL target not found
Refreshing native plugins compatible for Editor in 35.47 ms, found 1 plugins.
Preloading 0 native plugins for Editor in 0.00 ms.
Mono: successfully reloaded assembly
- Completed reload, in  1.447 seconds
Platform modules already initialized, skipping
========================================================================
Worker process is ready to serve import requests
Launched and connected shader compiler UnityShaderCompiler.exe after 0.07 seconds
Refreshing native plugins compatible for Editor in 0.32 ms, found 1 plugins.
Preloading 0 native plugins for Editor in 0.00 ms.
Unloading 1810 Unused Serialized files (Serialized files now loaded: 0)
System memory in use before: 85.0 MB.
System memory in use after: 84.9 MB.

Unloading 26 unused Assets to reduce memory usage. Loaded Objects now: 2252.
Total: 1.886800 ms (FindLiveObjects: 0.196800 ms CreateObjectMapping: 0.111500 ms MarkObjects: 1.459900 ms  DeleteObjects: 0.117600 ms)

========================================================================
Received Import Request.
  path: Assets/GameDevHQ/FileBase/Projects/Tutorials/Starter_Files/Enterprise_Apps/Zoo App
  artifactKey: Guid(10e3e8c46fe939d4bb317f9255815d8a) Importer(815301076,1909f56bfc062723c751e8b465ee728b)
Start importing Assets/GameDevHQ/FileBase/Projects/Tutorials/Starter_Files/Enterprise_Apps/Zoo App using Guid(10e3e8c46fe939d4bb317f9255815d8a) Importer(815301076,1909f56bfc062723c751e8b465ee728b)  -> (artifact id: 'bcf2fd4fdac09e7ce77183e21753f48c') in 0.009799 seconds
  Import took 0.012595 seconds .

========================================================================
Received Import Request.
  Time since last request: 94.713768 seconds.
  path: Assets
  artifactKey: Guid(00000000000000001000000000000000) Importer(815301076,1909f56bfc062723c751e8b465ee728b)
Start importing Assets using Guid(00000000000000001000000000000000) Importer(815301076,1909f56bfc062723c751e8b465ee728b)  -> (artifact id: '2c602d4445bd9e0e517b9a7c882a2249') in 0.011026 seconds
  Import took 0.016833 seconds .

========================================================================
Received Import Request.
  Time since last request: 13.154633 seconds.
  path: Assets/GameDevHQ/FileBase/Projects
  artifactKey: Guid(478c09d7519c5a645a1ba305a9b4de5c) Importer(815301076,1909f56bfc062723c751e8b465ee728b)
Start importing Assets/GameDevHQ/FileBase/Projects using Guid(478c09d7519c5a645a1ba305a9b4de5c) Importer(815301076,1909f56bfc062723c751e8b465ee728b)  -> (artifact id: 'b239354a187d19d05ac758864057f2a2') in 0.003325 seconds
  Import took 0.006013 seconds .

========================================================================
Received Import Request.
  Time since last request: 3.928924 seconds.
  path: Assets/GameDevHQ/FileBase/Projects/Tutorials
  artifactKey: Guid(bfaa9081c3fec2a4a84da165623f8b57) Importer(815301076,1909f56bfc062723c751e8b465ee728b)
Start importing Assets/GameDevHQ/FileBase/Projects/Tutorials using Guid(bfaa9081c3fec2a4a84da165623f8b57) Importer(815301076,1909f56bfc062723c751e8b465ee728b)  -> (artifact id: '7b0804ec3b27a5a1d919dc6c81edecbf') in 0.003275 seconds
  Import took 0.006429 seconds .

========================================================================
Received Import Request.
  Time since last request: 16.785665 seconds.
  path: Assets/GameDevHQ/FileBase/Plugin
  artifactKey: Guid(dae99c814b6d68a40877360b256b06a5) Importer(815301076,1909f56bfc062723c751e8b465ee728b)
Start importing Assets/GameDevHQ/FileBase/Plugin using Guid(dae99c814b6d68a40877360b256b06a5) Importer(815301076,1909f56bfc062723c751e8b465ee728b)  -> (artifact id: '9694780a427f1113033049e829281f06') in 0.003768 seconds
  Import took 0.008246 seconds .

